<?xml version="1.0" encoding="UTF-8"?>
<!-- Generated by org.testng.reporters.JUnitXMLReporter -->
<testsuite ignored="0" hostname="DESKTOP-0N4EONN" failures="0" tests="7" name="Default test" time="62.82" errors="0" timestamp="2023-02-28T17:51:23 IST">
  <testcase classname="dummy.Test1" name="Select_From_Ahmedabad_To_Pune" time="5.963"/>
  <testcase classname="dummy.Test1" name="Select_Departure_date_as_1st_date_of_next_month" time="2.77"/>
  <testcase classname="dummy.Test1" name="Select_ADULTS2_CHILDREN1_INFANTS1" time="8.24"/>
  <testcase classname="dummy.Test1" name="Click_on_search" time="20.34"/>
  <testcase classname="dummy.Test1" name="Verify_TripType_FROM_TO_DEPART_PASSENGERS_CLASS" time="2.334"/>
  <testcase classname="dummy.Test1" name="Filter_By_One_Way_Price_and_validate_all_flight_prices_are_between_that_range" time="6.655"/>
  <testcase classname="dummy.Test1" name="Filter_by_Nonstop_and_validate_count" time="4.743"/>
</testsuite> <!-- Default test -->
