<?xml version="1.0" encoding="UTF-8"?>
<!-- Generated by org.testng.reporters.JUnitXMLReporter -->
<testsuite ignored="2" hostname="DESKTOP-0N4EONN" failures="0" tests="15" name="Test" time="32.041" errors="0" timestamp="2023-02-07T22:21:12 IST">
  <testcase classname="ProjectTestNG.Prog1_TestNG1" name="a" time="0.011"/>
  <testcase classname="ProjectTestNG.Prog2_TestNG_AlphaNumericSequncing" name="a0" time="0.007"/>
  <testcase classname="ProjectTestNG.Prog4_TestNG_SkipRepeat" name="c" time="0.01"/>
  <testcase classname="ProjectTestNG.Prog4_TestNG_SkipRepeat" name="c" time="0.003"/>
  <testcase classname="ProjectTestNG.Prog1_TestNG1" name="a1" time="0.004"/>
  <testcase classname="ProjectTestNG.Prog2_TestNG_AlphaNumericSequncing" name="a3" time="0.003"/>
  <testcase classname="ProjectTestNG.Prog4_TestNG_SkipRepeat" name="c" time="0.002"/>
  <testcase classname="ProjectTestNG.Prog5_TestNG_SkipRepeatPriority" name="a" time="0.001"/>
  <testcase classname="ProjectTestNG.Prog2_TestNG_AlphaNumericSequncing" name="aab" time="0.003"/>
  <testcase classname="ProjectTestNG.Prog2_TestNG_AlphaNumericSequncing" name="ab" time="0.002"/>
  <testcase classname="ProjectTestNG.Prog4_TestNG_SkipRepeat" name="e" time="0.008">
    <skipped/>
  </testcase> <!-- e -->
  <testcase classname="ProjectTestNG.Prog5_TestNG_SkipRepeatPriority" name="c" time="0.003"/>
  <testcase classname="ProjectTestNG.Prog9_TestNG_Assertion2_ExceptionHandling" name="testCase2" time="0.044"/>
  <testcase classname="ProjectTestNG.Prog5_TestNG_SkipRepeatPriority" name="c" time="0.002"/>
  <testcase classname="ProjectTestNG.Prog9_TestNG_Assertion" name="testCase1" time="32.007"/>
  <testcase classname="ProjectTestNG.Prog5_TestNG_SkipRepeatPriority" name="b" time="0.0">
    <ignored/>
  </testcase> <!-- b -->
  <testcase classname="ProjectTestNG.Prog4_TestNG_SkipRepeat" name="b" time="0.0">
    <ignored/>
  </testcase> <!-- b -->
</testsuite> <!-- Test -->
